{"/Users/CraigMcCann/Projects/MCR Codes/Cruise Ships/src/Itinerary.js": {"path":"/Users/CraigMcCann/Projects/MCR Codes/Cruise Ships/src/Itinerary.js","statementMap":{"0":{"start":{"line":2,"column":2},"end":{"line":2,"column":21}},"1":{"start":{"line":5,"column":0},"end":{"line":5,"column":27}}},"fnMap":{"0":{"name":"Itinerary","decl":{"start":{"line":1,"column":9},"end":{"line":1,"column":18}},"loc":{"start":{"line":1,"column":26},"end":{"line":3,"column":1}},"line":1}},"branchMap":{},"s":{"0":2,"1":1},"f":{"0":2},"b":{},"_coverageSchema":"1a1c01bbd47fc00a2c39e90264f33305004495a9","hash":"6b9d2580fdf06bad69de0da7e10e635dcb20596e"}
,"/Users/CraigMcCann/Projects/MCR Codes/Cruise Ships/src/Port.js": {"path":"/Users/CraigMcCann/Projects/MCR Codes/Cruise Ships/src/Port.js","statementMap":{"0":{"start":{"line":2,"column":2},"end":{"line":2,"column":19}},"1":{"start":{"line":3,"column":2},"end":{"line":3,"column":18}},"2":{"start":{"line":6,"column":0},"end":{"line":8,"column":2}},"3":{"start":{"line":7,"column":2},"end":{"line":7,"column":24}},"4":{"start":{"line":10,"column":0},"end":{"line":12,"column":2}},"5":{"start":{"line":11,"column":2},"end":{"line":11,"column":23}},"6":{"start":{"line":14,"column":0},"end":{"line":14,"column":22}}},"fnMap":{"0":{"name":"Port","decl":{"start":{"line":1,"column":9},"end":{"line":1,"column":13}},"loc":{"start":{"line":1,"column":20},"end":{"line":4,"column":1}},"line":1},"1":{"name":"(anonymous_1)","decl":{"start":{"line":6,"column":25},"end":{"line":6,"column":26}},"loc":{"start":{"line":6,"column":41},"end":{"line":8,"column":1}},"line":6},"2":{"name":"(anonymous_2)","decl":{"start":{"line":10,"column":28},"end":{"line":10,"column":29}},"loc":{"start":{"line":10,"column":44},"end":{"line":12,"column":1}},"line":10}},"branchMap":{},"s":{"0":5,"1":5,"2":1,"3":3,"4":1,"5":1,"6":1},"f":{"0":5,"1":3,"2":1},"b":{},"_coverageSchema":"1a1c01bbd47fc00a2c39e90264f33305004495a9","hash":"eee51495098bc7bb8113e63d8b3b45b16a4c71fd"}
,"/Users/CraigMcCann/Projects/MCR Codes/Cruise Ships/src/Ship.js": {"path":"/Users/CraigMcCann/Projects/MCR Codes/Cruise Ships/src/Ship.js","statementMap":{"0":{"start":{"line":2,"column":2},"end":{"line":2,"column":29}},"1":{"start":{"line":3,"column":2},"end":{"line":3,"column":40}},"2":{"start":{"line":4,"column":2},"end":{"line":4,"column":27}},"3":{"start":{"line":5,"column":2},"end":{"line":5,"column":33}},"4":{"start":{"line":8,"column":0},"end":{"line":19,"column":2}},"5":{"start":{"line":9,"column":20},"end":{"line":9,"column":34}},"6":{"start":{"line":10,"column":27},"end":{"line":10,"column":68}},"7":{"start":{"line":12,"column":2},"end":{"line":14,"column":3}},"8":{"start":{"line":13,"column":4},"end":{"line":13,"column":48}},"9":{"start":{"line":16,"column":2},"end":{"line":16,"column":39}},"10":{"start":{"line":17,"column":2},"end":{"line":17,"column":26}},"11":{"start":{"line":18,"column":2},"end":{"line":18,"column":37}},"12":{"start":{"line":21,"column":0},"end":{"line":27,"column":2}},"13":{"start":{"line":22,"column":20},"end":{"line":22,"column":34}},"14":{"start":{"line":23,"column":28},"end":{"line":23,"column":70}},"15":{"start":{"line":25,"column":2},"end":{"line":25,"column":60}},"16":{"start":{"line":26,"column":2},"end":{"line":26,"column":33}},"17":{"start":{"line":29,"column":0},"end":{"line":29,"column":22}}},"fnMap":{"0":{"name":"Ship","decl":{"start":{"line":1,"column":9},"end":{"line":1,"column":13}},"loc":{"start":{"line":1,"column":25},"end":{"line":6,"column":1}},"line":1},"1":{"name":"(anonymous_1)","decl":{"start":{"line":8,"column":25},"end":{"line":8,"column":26}},"loc":{"start":{"line":8,"column":37},"end":{"line":19,"column":1}},"line":8},"2":{"name":"(anonymous_2)","decl":{"start":{"line":21,"column":22},"end":{"line":21,"column":23}},"loc":{"start":{"line":21,"column":34},"end":{"line":27,"column":1}},"line":21}},"branchMap":{"0":{"loc":{"start":{"line":12,"column":2},"end":{"line":14,"column":3}},"type":"if","locations":[{"start":{"line":12,"column":2},"end":{"line":14,"column":3}},{"start":{"line":12,"column":2},"end":{"line":14,"column":3}}],"line":12}},"s":{"0":6,"1":6,"2":6,"3":6,"4":1,"5":4,"6":4,"7":4,"8":1,"9":3,"10":3,"11":3,"12":1,"13":2,"14":2,"15":2,"16":2,"17":1},"f":{"0":6,"1":4,"2":2},"b":{"0":[1,3]},"_coverageSchema":"1a1c01bbd47fc00a2c39e90264f33305004495a9","hash":"ace76c61eab715288ea854112c2653bc8db7da7e"}
}
